CRITICAL - 2024-07-01 22:58:09 --> CodeIgniter\View\Exceptions\ViewException: Invalid file: "users/edit.php"
[Method: GET, Route: users/edit/1]
in SYSTEMPATH/Exceptions/FrameworkException.php on line 41.
 1 SYSTEMPATH/View/View.php(222): CodeIgniter\Exceptions\FrameworkException::forInvalidFile()
 2 SYSTEMPATH/Common.php(1171): CodeIgniter\View\View->render()
 3 APPPATH/Controllers/UserController.php(56): view()
 4 SYSTEMPATH/CodeIgniter.php(933): App\Controllers\UserController->edit()
 5 SYSTEMPATH/CodeIgniter.php(509): CodeIgniter\CodeIgniter->runController()
 6 SYSTEMPATH/CodeIgniter.php(355): CodeIgniter\CodeIgniter->handleRequest()
 7 SYSTEMPATH/Boot.php(312): CodeIgniter\CodeIgniter->run()
 8 SYSTEMPATH/Boot.php(67): CodeIgniter\Boot::runCodeIgniter()
 9 FCPATH/index.php(56): CodeIgniter\Boot::bootWeb()
10 SYSTEMPATH/Commands/Server/rewrite.php(49): require_once('/home/dies/Projects/Codeigniter/codeigniter4-framework-skyfall/public/index.php')
CRITICAL - 2024-07-01 22:59:22 --> RuntimeException: View themes, no current section.
[Method: GET, Route: users/edit/1]
in SYSTEMPATH/View/View.php on line 440.
 1 APPPATH/Views/users/edit.php(39): CodeIgniter\View\View->endSection()
 2 SYSTEMPATH/View/View.php(234): include('/home/dies/Projects/Codeigniter/codeigniter4-framework-skyfall/app/Views/users/edit.php')
 3 SYSTEMPATH/View/View.php(237): CodeIgniter\View\View->CodeIgniter\View\{closure}()
 4 SYSTEMPATH/Common.php(1171): CodeIgniter\View\View->render()
 5 APPPATH/Controllers/UserController.php(56): view()
 6 SYSTEMPATH/CodeIgniter.php(933): App\Controllers\UserController->edit()
 7 SYSTEMPATH/CodeIgniter.php(509): CodeIgniter\CodeIgniter->runController()
 8 SYSTEMPATH/CodeIgniter.php(355): CodeIgniter\CodeIgniter->handleRequest()
 9 SYSTEMPATH/Boot.php(312): CodeIgniter\CodeIgniter->run()
10 SYSTEMPATH/Boot.php(67): CodeIgniter\Boot::runCodeIgniter()
11 FCPATH/index.php(56): CodeIgniter\Boot::bootWeb()
12 SYSTEMPATH/Commands/Server/rewrite.php(49): require_once('/home/dies/Projects/Codeigniter/codeigniter4-framework-skyfall/public/index.php')
